<?xml version="1.0" encoding="UTF-8"?>
<!-- Generated by org.testng.reporters.JUnitReportReporter -->
<testsuite skipped="0" hostname="MeghShiv" name="com.tutorialninja.testsuite.DesktopPageTest" tests="1" failures="0" timestamp="2022-12-13T12:45:02 GMT" time="6.442" errors="0">
  <testcase name="verifyProductsPriceDisplayHighToLowSuccessfully" time="6.442" classname="com.tutorialninja.testsuite.DesktopPageTest"/>
  <system-out>
    <![CDATA[Mouse Hover On Desktop[[ChromeDriver: chrome on WINDOWS (cce9fff8d0c5519908824dc7eb0ae5f7)] -> link text: Desktops]
click On Show All Desktop[[ChromeDriver: chrome on WINDOWS (cce9fff8d0c5519908824dc7eb0ae5f7)] -> link text: Show All Desktops]
Sort Name (Z - A) By Position NameZtoA[[ChromeDriver: chrome on WINDOWS (cce9fff8d0c5519908824dc7eb0ae5f7)] -> xpath: //select[@id='input-sort']]]]>
  </system-out>
</testsuite> <!-- com.tutorialninja.testsuite.DesktopPageTest -->
