<?xml version="1.0" encoding="UTF-8"?>
<!-- Generated by org.testng.reporters.JUnitReportReporter -->
<testsuite skipped="0" hostname="MeghShiv" name="com.tutorialninja.testsuite.TopMenuPageTest" tests="3" failures="0" timestamp="2022-12-13T12:52:40 GMT" time="14.050" errors="0">
  <testcase name="verifyUserShouldNavigateToDesktopsPageSuccessfully" time="4.167" classname="com.tutorialninja.testsuite.TopMenuPageTest"/>
  <system-out>
    <![CDATA[ Mousehover and Click on desktop [[ChromeDriver: chrome on WINDOWS (7fabf40c03dfa7e33e2c4eb0ffc5ae94)] -> link text: Desktops]
Select menu [[ChromeDriver: chrome on WINDOWS (7fabf40c03dfa7e33e2c4eb0ffc5ae94)] -> xpath: //nav[@id='menu']//ul/li[contains(@class, 'open')]/div/child::*]
get Text Desktop[[ChromeDriver: chrome on WINDOWS (7fabf40c03dfa7e33e2c4eb0ffc5ae94)] -> xpath: //h2[contains(text(),'Desktops')]]]]>
  </system-out>
  <testcase name="verifyUserShouldNavigateToLaptopsAndNotebooksPageSuccessfully" time="5.975" classname="com.tutorialninja.testsuite.TopMenuPageTest"/>
  <system-out>
    <![CDATA[mouseHoverOnLaptopsAndNotebooksTab[[ChromeDriver: chrome on WINDOWS (d9bd26d8afe5a931c0a2cbf99eb43a3a)] -> link text: Laptops & Notebooks]
Select menu [[ChromeDriver: chrome on WINDOWS (d9bd26d8afe5a931c0a2cbf99eb43a3a)] -> xpath: //nav[@id='menu']//ul/li[contains(@class, 'open')]/div/child::*]
getLaptopsAndNotebooksText[[ChromeDriver: chrome on WINDOWS (d9bd26d8afe5a931c0a2cbf99eb43a3a)] -> xpath: //h2[contains(text(),'Laptops & Notebooks')]]]]>
  </system-out>
  <testcase name="verifyUserShouldNavigateToComponentsPageSuccessfully" time="3.908" classname="com.tutorialninja.testsuite.TopMenuPageTest"/>
  <system-out>
    <![CDATA[mouseHoverToComponentsTab[[ChromeDriver: chrome on WINDOWS (83ee3d3bcbef011952a7a193cf42654f)] -> link text: Components]
Select menu [[ChromeDriver: chrome on WINDOWS (83ee3d3bcbef011952a7a193cf42654f)] -> xpath: //nav[@id='menu']//ul/li[contains(@class, 'open')]/div/child::*]
getComponentsText[[ChromeDriver: chrome on WINDOWS (83ee3d3bcbef011952a7a193cf42654f)] -> xpath: //h2[contains(text(),'Components')]]]]>
  </system-out>
</testsuite> <!-- com.tutorialninja.testsuite.TopMenuPageTest -->
