<?xml version="1.0" encoding="UTF-8"?>
<!-- Generated by org.testng.reporters.JUnitReportReporter -->
<testsuite skipped="0" hostname="MeghShiv" name="com.tutorialninja.testsuite.MyAccountPageTest" tests="1" failures="0" timestamp="2022-12-13T12:45:02 GMT" time="25.607" errors="0">
  <testcase name="verifyUserShouldNavigateToRegisterPageSuccessfully" time="25.607" classname="com.tutorialninja.testsuite.MyAccountPageTest"/>
  <system-out>
    <![CDATA[click On MyAccount Link [[ChromeDriver: chrome on WINDOWS (3607fd477984abd538930349024bf153)] -> xpath: //span[contains(text(),'My Account')]]
getRegisterAccountMessage[[ChromeDriver: chrome on WINDOWS (3607fd477984abd538930349024bf153)] -> xpath: //h1[contains(text(),'Register Account')]]]]>
  </system-out>
</testsuite> <!-- com.tutorialninja.testsuite.MyAccountPageTest -->
