<?xml version="1.0" encoding="UTF-8"?>
<!-- Generated by org.testng.reporters.JUnitReportReporter -->
<testsuite skipped="0" hostname="MeghShiv" name="com.tutorialninja.testsuite.LaptopsAndNotebooksPageTest" tests="1" failures="0" timestamp="2022-12-13T12:45:02 GMT" time="5.249" errors="0">
  <testcase name="verifyProductsPriceDisplayHighToLowSuccessfully" time="5.249" classname="com.tutorialninja.testsuite.LaptopsAndNotebooksPageTest"/>
  <system-out>
    <![CDATA[MouseHover On LaptopsAndDesktopTab[[ChromeDriver: chrome on WINDOWS (453cad5c0584b79db32cf49cfa834e3d)] -> link text: Laptops & Notebooks]
clickOnShowAllLaptopsAndNotebooks[[ChromeDriver: chrome on WINDOWS (453cad5c0584b79db32cf49cfa834e3d)] -> xpath: //a[contains(text(),'Show All Laptops & Notebooks')]]
Sort By PriceHighToLow[[ChromeDriver: chrome on WINDOWS (453cad5c0584b79db32cf49cfa834e3d)] -> xpath: //select[@id='input-sort']]]]>
  </system-out>
</testsuite> <!-- com.tutorialninja.testsuite.LaptopsAndNotebooksPageTest -->
